<?xml version="1.0" encoding="UTF-8"?>
<!-- Generated by org.testng.reporters.JUnitXMLReporter -->
<testsuite hostname="hp" name="Test" tests="9" failures="0" timestamp="27 Jul 2021 17:25:20 GMT" time="0.209" errors="0">
  <testcase name="testC3" time="0.047" classname="org.parallel.C"/>
  <testcase name="testB1" time="0.016" classname="org.parallel.B"/>
  <testcase name="testA2" time="0.047" classname="org.parallel.A"/>
  <testcase name="testB2" time="0.0" classname="org.parallel.B"/>
  <testcase name="testA3" time="0.015" classname="org.parallel.A"/>
  <testcase name="testA1" time="0.015" classname="org.parallel.A"/>
  <testcase name="testC1" time="0.015" classname="org.parallel.C"/>
  <testcase name="testB3" time="0.094" classname="org.parallel.B"/>
  <testcase name="testC2" time="0.047" classname="org.parallel.C"/>
</testsuite> <!-- Test -->
