<?xml version="1.0" encoding="UTF-8"?>
<testng-results skipped="0" failed="0" total="9" passed="9">
  <reporter-output>
  </reporter-output>
  <suite name="Suite" duration-ms="209" started-at="2021-07-27T17:25:20Z" finished-at="2021-07-27T17:25:20Z">
    <groups>
    </groups>
    <test name="Test" duration-ms="209" started-at="2021-07-27T17:25:20Z" finished-at="2021-07-27T17:25:20Z">
      <class name="org.parallel.C">
        <test-method status="PASS" signature="testC3()[pri:0, instance:org.parallel.C@4af044]" name="testC3" duration-ms="47" started-at="2021-07-27T10:25:20Z" finished-at="2021-07-27T10:25:20Z">
          <reporter-output>
          </reporter-output>
        </test-method> <!-- testC3 -->
        <test-method status="PASS" signature="testC1()[pri:0, instance:org.parallel.C@4af044]" name="testC1" duration-ms="15" started-at="2021-07-27T10:25:20Z" finished-at="2021-07-27T10:25:20Z">
          <reporter-output>
          </reporter-output>
        </test-method> <!-- testC1 -->
        <test-method status="PASS" signature="testC2()[pri:0, instance:org.parallel.C@4af044]" name="testC2" duration-ms="47" started-at="2021-07-27T10:25:20Z" finished-at="2021-07-27T10:25:20Z">
          <reporter-output>
          </reporter-output>
        </test-method> <!-- testC2 -->
      </class> <!-- org.parallel.C -->
      <class name="org.parallel.B">
        <test-method status="PASS" signature="testB1()[pri:0, instance:org.parallel.B@1aeed2f]" name="testB1" duration-ms="16" started-at="2021-07-27T10:25:20Z" finished-at="2021-07-27T10:25:20Z">
          <reporter-output>
          </reporter-output>
        </test-method> <!-- testB1 -->
        <test-method status="PASS" signature="testB2()[pri:0, instance:org.parallel.B@1aeed2f]" name="testB2" duration-ms="0" started-at="2021-07-27T10:25:20Z" finished-at="2021-07-27T10:25:20Z">
          <reporter-output>
          </reporter-output>
        </test-method> <!-- testB2 -->
        <test-method status="PASS" signature="testB3()[pri:0, instance:org.parallel.B@1aeed2f]" name="testB3" duration-ms="94" started-at="2021-07-27T10:25:20Z" finished-at="2021-07-27T10:25:20Z">
          <reporter-output>
          </reporter-output>
        </test-method> <!-- testB3 -->
      </class> <!-- org.parallel.B -->
      <class name="org.parallel.A">
        <test-method status="PASS" signature="testA2()[pri:0, instance:org.parallel.A@c0edeb]" name="testA2" duration-ms="47" started-at="2021-07-27T10:25:20Z" finished-at="2021-07-27T10:25:20Z">
          <reporter-output>
          </reporter-output>
        </test-method> <!-- testA2 -->
        <test-method status="PASS" signature="testA3()[pri:0, instance:org.parallel.A@c0edeb]" name="testA3" duration-ms="15" started-at="2021-07-27T10:25:20Z" finished-at="2021-07-27T10:25:20Z">
          <reporter-output>
          </reporter-output>
        </test-method> <!-- testA3 -->
        <test-method status="PASS" signature="testA1()[pri:0, instance:org.parallel.A@c0edeb]" name="testA1" duration-ms="15" started-at="2021-07-27T10:25:20Z" finished-at="2021-07-27T10:25:20Z">
          <reporter-output>
          </reporter-output>
        </test-method> <!-- testA1 -->
      </class> <!-- org.parallel.A -->
    </test> <!-- Test -->
  </suite> <!-- Suite -->
</testng-results>
